<?xml version="1.0" encoding="UTF-8" ?>
<testsuite errors="0" failures="0" hostname="gzamudio.local" name="functional.com.trailblazers.freewheelers.HumansTxtTest" tests="1" time="1.372" timestamp="2014-07-05T08:37:32">
  <properties>
    <property name="java.vendor" value="Oracle Corporation" />
    <property name="lib.dir" value="./lib" />
    <property name="sun.java.launcher" value="SUN_STANDARD" />
    <property name="sun.management.compiler" value="HotSpot 64-Bit Tiered Compilers" />
    <property name="os.name" value="Mac OS X" />
    <property name="sun.boot.class.path" value="/Library/Java/JavaVirtualMachines/jdk1.7.0_55.jdk/Contents/Home/jre/lib/resources.jar:/Library/Java/JavaVirtualMachines/jdk1.7.0_55.jdk/Contents/Home/jre/lib/rt.jar:/Library/Java/JavaVirtualMachines/jdk1.7.0_55.jdk/Contents/Home/jre/lib/sunrsasign.jar:/Library/Java/JavaVirtualMachines/jdk1.7.0_55.jdk/Contents/Home/jre/lib/jsse.jar:/Library/Java/JavaVirtualMachines/jdk1.7.0_55.jdk/Contents/Home/jre/lib/jce.jar:/Library/Java/JavaVirtualMachines/jdk1.7.0_55.jdk/Contents/Home/jre/lib/charsets.jar:/Library/Java/JavaVirtualMachines/jdk1.7.0_55.jdk/Contents/Home/jre/lib/jfr.jar:/Library/Java/JavaVirtualMachines/jdk1.7.0_55.jdk/Contents/Home/jre/classes" />
    <property name="TODAY" value="July 5 2014" />
    <property name="java.vm.specification.vendor" value="Oracle Corporation" />
    <property name="ant.home" value="/Users/gzamudio/Desktop/ThoughtWorksUniversity/WeekendProject/trunk/tools/ant" />
    <property name="java.runtime.version" value="1.7.0_55-b13" />
    <property name="user.name" value="gzamudio" />
    <property name="ant.file.type." value="file" />
    <property name="absolute.path.base.dir" value="/Users/gzamudio/Desktop/ThoughtWorksUniversity/WeekendProject/trunk" />
    <property name="user.language" value="en" />
    <property name="test.report.dir" value="/Users/gzamudio/Desktop/ThoughtWorksUniversity/WeekendProject/trunk/bin/report/test" />
    <property name="sun.boot.library.path" value="/Library/Java/JavaVirtualMachines/jdk1.7.0_55.jdk/Contents/Home/jre/lib" />
    <property name="ant.project.default-target" value="test-unit" />
    <property name="ant.project.name" value="" />
    <property name="DSTAMP" value="20140705" />
    <property name="java.version" value="1.7.0_55" />
    <property name="user.timezone" value="" />
    <property name="sun.arch.data.model" value="64" />
    <property name="http.nonProxyHosts" value="local|*.local|169.254/16|*.169.254/16" />
    <property name="java.endorsed.dirs" value="/Library/Java/JavaVirtualMachines/jdk1.7.0_55.jdk/Contents/Home/jre/lib/endorsed" />
    <property name="sun.cpu.isalist" value="" />
    <property name="sun.jnu.encoding" value="UTF-8" />
    <property name="file.encoding.pkg" value="sun.io" />
    <property name="file.separator" value="/" />
    <property name="java.specification.name" value="Java Platform API Specification" />
    <property name="java.class.version" value="51.0" />
    <property name="user.country" value="US" />
    <property name="java.home" value="/Library/Java/JavaVirtualMachines/jdk1.7.0_55.jdk/Contents/Home/jre" />
    <property name="dist.dir" value="./dist" />
    <property name="java.vm.info" value="mixed mode" />
    <property name="ant.file" value="/Users/gzamudio/Desktop/ThoughtWorksUniversity/WeekendProject/trunk/build.xml" />
    <property name="os.version" value="10.9.3" />
    <property name="path.separator" value=":" />
    <property name="java.vm.version" value="24.55-b03" />
    <property name="report.dir" value="/Users/gzamudio/Desktop/ThoughtWorksUniversity/WeekendProject/trunk/bin/report" />
    <property name="ant.library.dir" value="/Users/gzamudio/Desktop/ThoughtWorksUniversity/WeekendProject/trunk/tools/ant/lib" />
    <property name="java.awt.printerjob" value="sun.lwawt.macosx.CPrinterJob" />
    <property name="sun.io.unicode.encoding" value="UnicodeBig" />
    <property name="awt.toolkit" value="sun.lwawt.macosx.LWCToolkit" />
    <property name="socksNonProxyHosts" value="local|*.local|169.254/16|*.169.254/16" />
    <property name="ftp.nonProxyHosts" value="local|*.local|169.254/16|*.169.254/16" />
    <property name="user.home" value="/Users/gzamudio" />
    <property name="java.specification.vendor" value="Oracle Corporation" />
    <property name="java.library.path" value="/Users/gzamudio/Library/Java/Extensions:/Library/Java/Extensions:/Network/Library/Java/Extensions:/System/Library/Java/Extensions:/usr/lib/java:." />
    <property name="java.vendor.url" value="http://java.oracle.com/" />
    <property name="bin.dir" value="./bin" />
    <property name="java.vm.vendor" value="Oracle Corporation" />
    <property name="gopherProxySet" value="false" />
    <property name="java.runtime.name" value="Java(TM) SE Runtime Environment" />
    <property name="sun.java.command" value="org.apache.tools.ant.taskdefs.optional.junit.JUnitTestRunner testsfile=/Users/gzamudio/Desktop/ThoughtWorksUniversity/WeekendProject/trunk/junittestcases5143545271937477149.properties filtertrace=true haltOnError=true haltOnFailure=true formatter=org.apache.tools.ant.taskdefs.optional.junit.SummaryJUnitResultFormatter showoutput=true outputtoformatters=true logfailedtests=true logtestlistenerevents=false formatter=org.apache.tools.ant.taskdefs.optional.junit.PlainJUnitResultFormatter formatter=org.apache.tools.ant.taskdefs.optional.junit.XMLJUnitResultFormatter,/Users/gzamudio/Desktop/ThoughtWorksUniversity/WeekendProject/trunk/bin/report/test/IGNORETHIS.xml crashfile=/Users/gzamudio/Desktop/ThoughtWorksUniversity/WeekendProject/trunk/junitvmwatcher8476363053481803542.properties propsfile=/Users/gzamudio/Desktop/ThoughtWorksUniversity/WeekendProject/trunk/junit626869553826928105.properties" />
    <property name="java.class.path" value="/Users/gzamudio/Desktop/ThoughtWorksUniversity/WeekendProject/trunk/bin/instrumented-classes:/Users/gzamudio/Desktop/ThoughtWorksUniversity/WeekendProject/trunk/lib/test/apache-mime4j-0.6.jar:/Users/gzamudio/Desktop/ThoughtWorksUniversity/WeekendProject/trunk/lib/test/bsh-1.3.0.jar:/Users/gzamudio/Desktop/ThoughtWorksUniversity/WeekendProject/trunk/lib/test/cglib-nodep-2.1_3.jar:/Users/gzamudio/Desktop/ThoughtWorksUniversity/WeekendProject/trunk/lib/test/commons-codec-1.6.jar:/Users/gzamudio/Desktop/ThoughtWorksUniversity/WeekendProject/trunk/lib/test/commons-collections-3.2.1.jar:/Users/gzamudio/Desktop/ThoughtWorksUniversity/WeekendProject/trunk/lib/test/commons-exec-1.1.jar:/Users/gzamudio/Desktop/ThoughtWorksUniversity/WeekendProject/trunk/lib/test/commons-io-2.2.jar:/Users/gzamudio/Desktop/ThoughtWorksUniversity/WeekendProject/trunk/lib/test/commons-jxpath-1.3.jar:/Users/gzamudio/Desktop/ThoughtWorksUniversity/WeekendProject/trunk/lib/test/commons-lang3-3.1.jar:/Users/gzamudio/Desktop/ThoughtWorksUniversity/WeekendProject/trunk/lib/test/commons-logging-1.1.1.jar:/Users/gzamudio/Desktop/ThoughtWorksUniversity/WeekendProject/trunk/lib/test/cssparser-0.9.9.jar:/Users/gzamudio/Desktop/ThoughtWorksUniversity/WeekendProject/trunk/lib/test/guava-14.0.jar:/Users/gzamudio/Desktop/ThoughtWorksUniversity/WeekendProject/trunk/lib/test/hamcrest-core-1.3.jar:/Users/gzamudio/Desktop/ThoughtWorksUniversity/WeekendProject/trunk/lib/test/hamcrest-library-1.3.jar:/Users/gzamudio/Desktop/ThoughtWorksUniversity/WeekendProject/trunk/lib/test/htmlunit-2.12.jar:/Users/gzamudio/Desktop/ThoughtWorksUniversity/WeekendProject/trunk/lib/test/htmlunit-core-js-2.12.jar:/Users/gzamudio/Desktop/ThoughtWorksUniversity/WeekendProject/trunk/lib/test/httpclient-4.2.1.jar:/Users/gzamudio/Desktop/ThoughtWorksUniversity/WeekendProject/trunk/lib/test/httpcore-4.2.1.jar:/Users/gzamudio/Desktop/ThoughtWorksUniversity/WeekendProject/trunk/lib/test/httpmime-4.2.1.jar:/Users/gzamudio/Desktop/ThoughtWorksUniversity/WeekendProject/trunk/lib/test/ini4j-0.5.2.jar:/Users/gzamudio/Desktop/ThoughtWorksUniversity/WeekendProject/trunk/lib/test/jcommander-1.29.jar:/Users/gzamudio/Desktop/ThoughtWorksUniversity/WeekendProject/trunk/lib/test/jetty-websocket-8.1.8.jar:/Users/gzamudio/Desktop/ThoughtWorksUniversity/WeekendProject/trunk/lib/test/jna-3.4.0.jar:/Users/gzamudio/Desktop/ThoughtWorksUniversity/WeekendProject/trunk/lib/test/jna-platform-3.4.0.jar:/Users/gzamudio/Desktop/ThoughtWorksUniversity/WeekendProject/trunk/lib/test/json-20080701.jar:/Users/gzamudio/Desktop/ThoughtWorksUniversity/WeekendProject/trunk/lib/test/junit-dep-4.11.jar:/Users/gzamudio/Desktop/ThoughtWorksUniversity/WeekendProject/trunk/lib/test/mockito-all-1.9.5.jar:/Users/gzamudio/Desktop/ThoughtWorksUniversity/WeekendProject/trunk/lib/test/nekohtml-1.9.17.jar:/Users/gzamudio/Desktop/ThoughtWorksUniversity/WeekendProject/trunk/lib/test/netty-3.5.7.Final.jar:/Users/gzamudio/Desktop/ThoughtWorksUniversity/WeekendProject/trunk/lib/test/operadriver-1.2.jar:/Users/gzamudio/Desktop/ThoughtWorksUniversity/WeekendProject/trunk/lib/test/phantomjsdriver-1.0.3.jar:/Users/gzamudio/Desktop/ThoughtWorksUniversity/WeekendProject/trunk/lib/test/protobuf-java-2.4.1.jar:/Users/gzamudio/Desktop/ThoughtWorksUniversity/WeekendProject/trunk/lib/test/sac-1.3.jar:/Users/gzamudio/Desktop/ThoughtWorksUniversity/WeekendProject/trunk/lib/test/selenium-java-2.40.0.jar:/Users/gzamudio/Desktop/ThoughtWorksUniversity/WeekendProject/trunk/lib/test/serializer-2.7.1.jar:/Users/gzamudio/Desktop/ThoughtWorksUniversity/WeekendProject/trunk/lib/test/spring-test-3.2.2.RELEASE.jar:/Users/gzamudio/Desktop/ThoughtWorksUniversity/WeekendProject/trunk/lib/test/testng-6.8.jar:/Users/gzamudio/Desktop/ThoughtWorksUniversity/WeekendProject/trunk/lib/test/xalan-2.7.1.jar:/Users/gzamudio/Desktop/ThoughtWorksUniversity/WeekendProject/trunk/lib/test/xercesImpl-2.10.0.jar:/Users/gzamudio/Desktop/ThoughtWorksUniversity/WeekendProject/trunk/lib/test/xml-apis-1.4.01.jar:/Users/gzamudio/Desktop/ThoughtWorksUniversity/WeekendProject/trunk/lib/main/antlr-2.7.6-jar.jar:/Users/gzamudio/Desktop/ThoughtWorksUniversity/WeekendProject/trunk/lib/main/aopalliance-1.0-jar.jar:/Users/gzamudio/Desktop/ThoughtWorksUniversity/WeekendProject/trunk/lib/main/aspectjweaver-1.7.2.jar:/Users/gzamudio/Desktop/ThoughtWorksUniversity/WeekendProject/trunk/lib/main/com.sun.el-2.2.0.v201108011116.jar:/Users/gzamudio/Desktop/ThoughtWorksUniversity/WeekendProject/trunk/lib/main/commons-collections-3.2.1-jar.jar:/Users/gzamudio/Desktop/ThoughtWorksUniversity/WeekendProject/trunk/lib/main/commons-logging-1.1.1-jar.jar:/Users/gzamudio/Desktop/ThoughtWorksUniversity/WeekendProject/trunk/lib/main/dom4j-1.6.1-jar.jar:/Users/gzamudio/Desktop/ThoughtWorksUniversity/WeekendProject/trunk/lib/main/hamcrest-core-1.3.jar:/Users/gzamudio/Desktop/ThoughtWorksUniversity/WeekendProject/trunk/lib/main/hibernate-annotations-3.5.6-Final-jar.jar:/Users/gzamudio/Desktop/ThoughtWorksUniversity/WeekendProject/trunk/lib/main/hibernate-commons-annotations-3.2.0.Final-jar.jar:/Users/gzamudio/Desktop/ThoughtWorksUniversity/WeekendProject/trunk/lib/main/hibernate-core-3.5.6-Final-jar.jar:/Users/gzamudio/Desktop/ThoughtWorksUniversity/WeekendProject/trunk/lib/main/hibernate-jpa-2.0-api-1.0.1.Final-jar.jar:/Users/gzamudio/Desktop/ThoughtWorksUniversity/WeekendProject/trunk/lib/main/hibernate-validator-4.2.0.Final-jar.jar:/Users/gzamudio/Desktop/ThoughtWorksUniversity/WeekendProject/trunk/lib/main/javassist-3.11.0.GA-jar.jar:/Users/gzamudio/Desktop/ThoughtWorksUniversity/WeekendProject/trunk/lib/main/javax.el-2.2.0.v201108011116.jar:/Users/gzamudio/Desktop/ThoughtWorksUniversity/WeekendProject/trunk/lib/main/javax.servlet.jsp-2.2.0.v201112011158.jar:/Users/gzamudio/Desktop/ThoughtWorksUniversity/WeekendProject/trunk/lib/main/javax.servlet.jsp.jstl-1.2.0.v201105211821.jar:/Users/gzamudio/Desktop/ThoughtWorksUniversity/WeekendProject/trunk/lib/main/jetty-continuation-8.1.9.v20130131.jar:/Users/gzamudio/Desktop/ThoughtWorksUniversity/WeekendProject/trunk/lib/main/jetty-http-8.1.9.v20130131.jar:/Users/gzamudio/Desktop/ThoughtWorksUniversity/WeekendProject/trunk/lib/main/jetty-io-8.1.9.v20130131.jar:/Users/gzamudio/Desktop/ThoughtWorksUniversity/WeekendProject/trunk/lib/main/jetty-security-8.1.9.v20130131.jar:/Users/gzamudio/Desktop/ThoughtWorksUniversity/WeekendProject/trunk/lib/main/jetty-server-8.1.9.v20130131.jar:/Users/gzamudio/Desktop/ThoughtWorksUniversity/WeekendProject/trunk/lib/main/jetty-servlet-8.1.9.v20130131.jar:/Users/gzamudio/Desktop/ThoughtWorksUniversity/WeekendProject/trunk/lib/main/jetty-util-8.1.9.v20130131.jar:/Users/gzamudio/Desktop/ThoughtWorksUniversity/WeekendProject/trunk/lib/main/jetty-webapp-8.1.9.v20130131.jar:/Users/gzamudio/Desktop/ThoughtWorksUniversity/WeekendProject/trunk/lib/main/jetty-xml-8.1.9.v20130131.jar:/Users/gzamudio/Desktop/ThoughtWorksUniversity/WeekendProject/trunk/lib/main/jta-1.1-jar.jar:/Users/gzamudio/Desktop/ThoughtWorksUniversity/WeekendProject/trunk/lib/main/log4j-1.2.17.jar:/Users/gzamudio/Desktop/ThoughtWorksUniversity/WeekendProject/trunk/lib/main/mybatis-3.2.1.jar:/Users/gzamudio/Desktop/ThoughtWorksUniversity/WeekendProject/trunk/lib/main/org.apache.jasper.glassfish-2.2.2.v201112011158.jar:/Users/gzamudio/Desktop/ThoughtWorksUniversity/WeekendProject/trunk/lib/main/org.apache.taglibs.standard.glassfish-1.2.0.v201112081803.jar:/Users/gzamudio/Desktop/ThoughtWorksUniversity/WeekendProject/trunk/lib/main/org.eclipse.jdt.core-3.7.1.jar:/Users/gzamudio/Desktop/ThoughtWorksUniversity/WeekendProject/trunk/lib/main/persistence-api-1.0-jar.jar:/Users/gzamudio/Desktop/ThoughtWorksUniversity/WeekendProject/trunk/lib/main/postgresql-9.1-901.jdbc4-jar.jar:/Users/gzamudio/Desktop/ThoughtWorksUniversity/WeekendProject/trunk/lib/main/servlet-api-3.0.jar:/Users/gzamudio/Desktop/ThoughtWorksUniversity/WeekendProject/trunk/lib/main/slf4j-api-1.6.2-jar.jar:/Users/gzamudio/Desktop/ThoughtWorksUniversity/WeekendProject/trunk/lib/main/slf4j-log4j12-1.7.5.jar:/Users/gzamudio/Desktop/ThoughtWorksUniversity/WeekendProject/trunk/lib/main/spring-aop-3.2.2.RELEASE.jar:/Users/gzamudio/Desktop/ThoughtWorksUniversity/WeekendProject/trunk/lib/main/spring-beans-3.2.2.RELEASE.jar:/Users/gzamudio/Desktop/ThoughtWorksUniversity/WeekendProject/trunk/lib/main/spring-context-3.2.2.RELEASE.jar:/Users/gzamudio/Desktop/ThoughtWorksUniversity/WeekendProject/trunk/lib/main/spring-context-support-3.1.0.RELEASE-jar.jar:/Users/gzamudio/Desktop/ThoughtWorksUniversity/WeekendProject/trunk/lib/main/spring-core-3.2.2.RELEASE.jar:/Users/gzamudio/Desktop/ThoughtWorksUniversity/WeekendProject/trunk/lib/main/spring-expression-3.1.0.RELEASE-jar.jar:/Users/gzamudio/Desktop/ThoughtWorksUniversity/WeekendProject/trunk/lib/main/spring-jdbc-3.2.2.RELEASE.jar:/Users/gzamudio/Desktop/ThoughtWorksUniversity/WeekendProject/trunk/lib/main/spring-orm-3.2.2.RELEASE.jar:/Users/gzamudio/Desktop/ThoughtWorksUniversity/WeekendProject/trunk/lib/main/spring-security-acl-3.1.3.RELEASE-jar.jar:/Users/gzamudio/Desktop/ThoughtWorksUniversity/WeekendProject/trunk/lib/main/spring-security-config-3.1.3.RELEASE-jar.jar:/Users/gzamudio/Desktop/ThoughtWorksUniversity/WeekendProject/trunk/lib/main/spring-security-core-3.1.3.RELEASE-jar.jar:/Users/gzamudio/Desktop/ThoughtWorksUniversity/WeekendProject/trunk/lib/main/spring-security-taglibs-3.1.3.RELEASE-jar.jar:/Users/gzamudio/Desktop/ThoughtWorksUniversity/WeekendProject/trunk/lib/main/spring-security-web-3.1.3.RELEASE-jar.jar:/Users/gzamudio/Desktop/ThoughtWorksUniversity/WeekendProject/trunk/lib/main/spring-tx-3.2.2.RELEASE.jar:/Users/gzamudio/Desktop/ThoughtWorksUniversity/WeekendProject/trunk/lib/main/spring-web-3.2.2.RELEASE.jar:/Users/gzamudio/Desktop/ThoughtWorksUniversity/WeekendProject/trunk/lib/main/spring-webmvc-3.2.2.RELEASE.jar:/Users/gzamudio/Desktop/ThoughtWorksUniversity/WeekendProject/trunk/lib/main/spring-webmvc-portlet-3.2.2.RELEASE.jar:/Users/gzamudio/Desktop/ThoughtWorksUniversity/WeekendProject/trunk/lib/main/testng-6.8.5.jar:/Users/gzamudio/Desktop/ThoughtWorksUniversity/WeekendProject/trunk/lib/main/validation-api-1.0.0.GA-jar.jar:/Users/gzamudio/Desktop/ThoughtWorksUniversity/WeekendProject/trunk/lib/main/xmlunit-1.4.jar:/Users/gzamudio/Desktop/ThoughtWorksUniversity/WeekendProject/trunk/bin/main:/Users/gzamudio/Desktop/ThoughtWorksUniversity/WeekendProject/trunk/bin/test:/Users/gzamudio/Desktop/ThoughtWorksUniversity/WeekendProject/trunk/tools/lib/cobertura/cobertura.jar:/Users/gzamudio/Desktop/ThoughtWorksUniversity/WeekendProject/trunk/tools/lib/cobertura/lib/asm-3.0.jar:/Users/gzamudio/Desktop/ThoughtWorksUniversity/WeekendProject/trunk/tools/lib/cobertura/lib/asm-tree-3.0.jar:/Users/gzamudio/Desktop/ThoughtWorksUniversity/WeekendProject/trunk/tools/lib/cobertura/lib/jakarta-oro-2.0.8.jar:/Users/gzamudio/Desktop/ThoughtWorksUniversity/WeekendProject/trunk/tools/lib/cobertura/lib/log4j-1.2.9.jar:/Users/gzamudio/Desktop/ThoughtWorksUniversity/WeekendProject/trunk/tools/ant/lib/ant-launcher.jar:/Users/gzamudio/Desktop/ThoughtWorksUniversity/WeekendProject/trunk/tools/ant/lib/ant.jar:/Users/gzamudio/Desktop/ThoughtWorksUniversity/WeekendProject/trunk/tools/ant/lib/ant-junit.jar:/Users/gzamudio/Desktop/ThoughtWorksUniversity/WeekendProject/trunk/tools/ant/lib/ant-junit4.jar" />
    <property name="ant.version" value="Apache Ant(TM) version 1.8.4 compiled on May 22 2012" />
    <property name="TSTAMP" value="1407" />
    <property name="java.vm.specification.name" value="Java Virtual Machine Specification" />
    <property name="ant.file.type" value="file" />
    <property name="java.vm.specification.version" value="1.7" />
    <property name="base.dir" value="." />
    <property name="sun.cpu.endian" value="little" />
    <property name="sun.os.patch.level" value="unknown" />
    <property name="java.io.tmpdir" value="/var/folders/2j/0nh_g2wd68qbzmq_w_9313680000gn/T/" />
    <property name="java.vendor.url.bug" value="http://bugreport.sun.com/bugreport/" />
    <property name="ant.file." value="/Users/gzamudio/Desktop/ThoughtWorksUniversity/WeekendProject/trunk/build.xml" />
    <property name="os.arch" value="x86_64" />
    <property name="java.awt.graphicsenv" value="sun.awt.CGraphicsEnvironment" />
    <property name="java.ext.dirs" value="/Users/gzamudio/Library/Java/Extensions:/Library/Java/JavaVirtualMachines/jdk1.7.0_55.jdk/Contents/Home/jre/lib/ext:/Library/Java/Extensions:/Network/Library/Java/Extensions:/System/Library/Java/Extensions:/usr/lib/java" />
    <property name="user.dir" value="/Users/gzamudio/Desktop/ThoughtWorksUniversity/WeekendProject/trunk" />
    <property name="line.separator" value="&#xa;" />
    <property name="java.vm.name" value="Java HotSpot(TM) 64-Bit Server VM" />
    <property name="basedir" value="/Users/gzamudio/Desktop/ThoughtWorksUniversity/WeekendProject/trunk" />
    <property name="ant.java.version" value="1.7" />
    <property name="ant.core.lib" value="/Users/gzamudio/Desktop/ThoughtWorksUniversity/WeekendProject/trunk/tools/ant/lib/ant.jar" />
    <property name="file.encoding" value="UTF-8" />
    <property name="BUILD_TIME" value="5-July-2014_02:07" />
    <property name="java.specification.version" value="1.7" />
    <property name="src.dir" value="./src" />
    <property name="ant.project.invoked-targets" value="test" />
    <property name="tools.dir" value="./tools" />
    <property name="cobertura.instrument.dir" value="./bin/instrumented-classes" />
  </properties>
  <testcase classname="functional.com.trailblazers.freewheelers.HumansTxtTest" name="shouldDisplayAllTheTeamMembers" time="0.122" />
  <system-out><![CDATA[]]></system-out>
  <system-err><![CDATA[]]></system-err>
</testsuite>
